#
# There is insufficient memory for the Java Runtime Environment to continue.
# Native memory allocation (mmap) failed to map 125829120 bytes for G1 virtual space
# Possible reasons:
#   The system is out of physical RAM or swap space
#   The process is running with CompressedOops enabled, and the Java Heap may be blocking the growth of the native heap
# Possible solutions:
#   Reduce memory load on the system
#   Increase physical memory or swap space
#   Check if swap backing store is full
#   Decrease Java heap size (-Xmx/-Xms)
#   Decrease number of Java threads
#   Decrease Java thread stack sizes (-Xss)
#   Set larger code cache with -XX:ReservedCodeCacheSize=
#   JVM is running with Unscaled Compressed Oops mode in which the Java heap is
#     placed in the first 4GB address space. The Java Heap base address is the
#     maximum limit for the native heap growth. Please use -XX:HeapBaseMinAddress
#     to set the Java Heap base and to place the Java Heap above 4GB virtual address.
# This output file may be truncated or incomplete.
#
#  Out of Memory Error (os_windows.cpp:3769), pid=3588, tid=3144
#
# JRE version:  (17.0.6) (build )
# Java VM: OpenJDK 64-Bit Server VM (17.0.6+0-b2043.56-9586694, mixed mode, sharing, tiered, compressed oops, compressed class ptrs, g1 gc, windows-amd64)
# No core dump will be written. Minidumps are not enabled by default on client versions of Windows
#

---------------  S U M M A R Y ------------

Command Line: -Djava.awt.headless=true -Dorg.gradle.internal.worker.tmpdir=C:\Users\tmans\AndroidStudioProjects\Tuner\app\build\tmp\testDebugUnitTest\work -Dorg.gradle.native=false -Xmx512m -Dfile.encoding=UTF-8 -Duser.country=US -Duser.language=en -Duser.variant -ea worker.org.gradle.process.internal.worker.GradleWorkerMain 'Gradle Test Executor 21'

Host: AMD Ryzen 7 4700U with Radeon Graphics         , 8 cores, 7G,  Windows 10 , 64 bit Build 19041 (10.0.19041.2913)
Time: Sat May 13 15:02:23 2023 AUS Eastern Standard Time elapsed time: 0.017888 seconds (0d 0h 0m 0s)

---------------  T H R E A D  ---------------

Current thread (0x000002a68e285f20):  JavaThread "Unknown thread" [_thread_in_vm, id=3144, stack(0x000000dfc8900000,0x000000dfc8a00000)]

Stack: [0x000000dfc8900000,0x000000dfc8a00000]
Native frames: (J=compiled Java code, j=interpreted, Vv=VM code, C=native code)
V  [jvm.dll+0x683b4a]
V  [jvm.dll+0x842654]
V  [jvm.dll+0x843dfe]
V  [jvm.dll+0x844463]
V  [jvm.dll+0x249b75]
V  [jvm.dll+0x680a19]
V  [jvm.dll+0x674f0a]
V  [jvm.dll+0x309acb]
V  [jvm.dll+0x310f86]
V  [jvm.dll+0x3608ee]
V  [jvm.dll+0x360b1f]
V  [jvm.dll+0x2dfbf8]
V  [jvm.dll+0x2e0b64]
V  [jvm.dll+0x813f41]
V  [jvm.dll+0x36e6a1]
V  [jvm.dll+0x7f347c]
V  [jvm.dll+0x3f0e8f]
V  [jvm.dll+0x3f29d1]
C  [jli.dll+0x526b]
C  [ucrtbase.dll+0x21bb2]
C  [KERNEL32.DLL+0x17614]
C  [ntdll.dll+0x526a1]


---------------  P R O C E S S  ---------------

Threads class SMR info:
_java_thread_list=0x00007ffcf47ac058, length=0, elements={
}

Java Threads: ( => current thread )

Other Threads:
  0x000002a68e2b2e50 GCTaskThread "GC Thread#0" [stack: 0x000000dfc8a00000,0x000000dfc8b00000] [id=14284]
  0x000002a68e2b7c90 ConcurrentGCThread "G1 Main Marker" [stack: 0x000000dfc8b00000,0x000000dfc8c00000] [id=15788]
  0x000002a68e2b86f0 ConcurrentGCThread "G1 Conc#0" [stack: 0x000000dfc8c00000,0x000000dfc8d00000] [id=23344]

[error occurred during error reporting (printing all threads), id 0xc0000005, EXCEPTION_ACCESS_VIOLATION (0xc0000005) at pc=0x00007ffcf3f60797]

VM state: not at safepoint (not fully initialized)

VM Mutex/Monitor currently owned by a thread:  ([mutex/lock_event])
[0x000002a68c21be20] Heap_lock - owner thread: 0x000002a68e285f20

Heap address: 0x00000000e0000000, size: 512 MB, Compressed Oops mode: 32-bit

CDS archive(s) mapped at: [0x0000000000000000-0x0000000000000000-0x0000000000000000), size 0, SharedBaseAddress: 0x0000000800000000, ArchiveRelocationMode: 0.
Narrow klass base: 0x0000000000000000, Narrow klass shift: 0, Narrow klass range: 0x0

GC Precious Log:
<Empty>

Heap:
 garbage-first heap   total 0K, used 0K [0x00000000e0000000, 0x0000000100000000)
  region size 1024K, 0 young (0K), 0 survivors (0K)

[error occurred during error reporting (printing heap information), id 0xc0000005, EXCEPTION_ACCESS_VIOLATION (0xc0000005) at pc=0x00007ffcf434d939]

GC Heap History (0 events):
No events

Dll operation events (1 events):
Event: 0.009 Loaded shared library C:\Program Files\Android\Android Studio\jbr\bin\java.dll

Deoptimization events (0 events):
No events

Classes unloaded (0 events):
No events

Classes redefined (0 events):
No events

Internal exceptions (0 events):
No events

VM Operations (0 events):
No events

Events (0 events):
No events


Dynamic libraries:
0x00007ff6938e0000 - 0x00007ff6938ea000 	C:\Program Files\Android\Android Studio\jbr\bin\java.exe
0x00007ffd41270000 - 0x00007ffd41468000 	C:\windows\SYSTEM32\ntdll.dll
0x00007ffd3f510000 - 0x00007ffd3f5cf000 	C:\windows\System32\KERNEL32.DLL
0x00007ffd3ef80000 - 0x00007ffd3f276000 	C:\windows\System32\KERNELBASE.dll
0x00000000694b0000 - 0x00000000697e1000 	C:\Program Files\Norton Security\NortonData\22.20.5.39\Definitions\IPSDefs\20230512.061\IPSEng64.dll
0x00007ffd3f870000 - 0x00007ffd3f91f000 	C:\windows\System32\ADVAPI32.dll
0x00007ffd3f9a0000 - 0x00007ffd3fa3e000 	C:\windows\System32\msvcrt.dll
0x00007ffd3f700000 - 0x00007ffd3f79c000 	C:\windows\System32\sechost.dll
0x00007ffd40c80000 - 0x00007ffd40da6000 	C:\windows\System32\RPCRT4.dll
0x00007ffd3ff30000 - 0x00007ffd3ff38000 	C:\windows\System32\PSAPI.DLL
0x00007ffd3ee50000 - 0x00007ffd3ef50000 	C:\windows\System32\ucrtbase.dll
0x00007ffd19910000 - 0x00007ffd1992b000 	C:\Program Files\Android\Android Studio\jbr\bin\VCRUNTIME140.dll
0x00007ffd19930000 - 0x00007ffd19947000 	C:\Program Files\Android\Android Studio\jbr\bin\jli.dll
0x00007ffd40200000 - 0x00007ffd4039d000 	C:\windows\System32\USER32.dll
0x00007ffd3ef50000 - 0x00007ffd3ef72000 	C:\windows\System32\win32u.dll
0x00007ffd41200000 - 0x00007ffd4122c000 	C:\windows\System32\GDI32.dll
0x00007ffd3e950000 - 0x00007ffd3ea65000 	C:\windows\System32\gdi32full.dll
0x00007ffd36620000 - 0x00007ffd368ba000 	C:\windows\WinSxS\amd64_microsoft.windows.common-controls_6595b64144ccf1df_6.0.19041.1110_none_60b5254171f9507e\COMCTL32.dll
0x00007ffd3ea70000 - 0x00007ffd3eb0d000 	C:\windows\System32\msvcp_win.dll
0x00007ffd3ff40000 - 0x00007ffd3ff70000 	C:\windows\System32\IMM32.DLL
0x00007ffd19810000 - 0x00007ffd1981c000 	C:\Program Files\Android\Android Studio\jbr\bin\vcruntime140_1.dll
0x00007ffd04a70000 - 0x00007ffd04afd000 	C:\Program Files\Android\Android Studio\jbr\bin\msvcp140.dll
0x00007ffcf3c70000 - 0x00007ffcf48dd000 	C:\Program Files\Android\Android Studio\jbr\bin\server\jvm.dll
0x00007ffd361d0000 - 0x00007ffd361f7000 	C:\windows\SYSTEM32\WINMM.dll
0x00007ffd363d0000 - 0x00007ffd363da000 	C:\windows\SYSTEM32\VERSION.dll
0x00007ffce5b40000 - 0x00007ffce5b49000 	C:\windows\SYSTEM32\WSOCK32.dll
0x00007ffd3f930000 - 0x00007ffd3f99b000 	C:\windows\System32\WS2_32.dll
0x00007ffd3c7f0000 - 0x00007ffd3c802000 	C:\windows\SYSTEM32\kernel.appcore.dll
0x00007ffd39ed0000 - 0x00007ffd39eda000 	C:\Program Files\Android\Android Studio\jbr\bin\jimage.dll
0x00007ffd3bd30000 - 0x00007ffd3bf14000 	C:\windows\SYSTEM32\DBGHELP.DLL
0x00007ffd36200000 - 0x00007ffd36234000 	C:\windows\SYSTEM32\dbgcore.DLL
0x00007ffd3edc0000 - 0x00007ffd3ee42000 	C:\windows\System32\bcryptPrimitives.dll
0x00007ffd108d0000 - 0x00007ffd108f5000 	C:\Program Files\Android\Android Studio\jbr\bin\java.dll

dbghelp: loaded successfully - version: 4.0.5 - missing functions: none
symbol engine: initialized successfully - sym options: 0x614 - pdb path: .;C:\Program Files\Android\Android Studio\jbr\bin;C:\windows\SYSTEM32;C:\Program Files\Norton Security\NortonData\22.20.5.39\Definitions\IPSDefs\20230512.061;C:\windows\WinSxS\amd64_microsoft.windows.common-controls_6595b64144ccf1df_6.0.19041.1110_none_60b5254171f9507e;C:\Program Files\Android\Android Studio\jbr\bin\server

VM Arguments:
jvm_args: -Djava.awt.headless=true -Dorg.gradle.internal.worker.tmpdir=C:\Users\tmans\AndroidStudioProjects\Tuner\app\build\tmp\testDebugUnitTest\work -Dorg.gradle.native=false -Xmx512m -Dfile.encoding=UTF-8 -Duser.country=US -Duser.language=en -Duser.variant -ea 
java_command: worker.org.gradle.process.internal.worker.GradleWorkerMain 'Gradle Test Executor 21'
java_class_path (initial): C:\\Users\\tmans\\.gradle\\caches\\8.0\\workerMain\\gradle-worker.jar;C:\\Users\\tmans\\AndroidStudioProjects\\Tuner\\app\\build\\tmp\\kotlin-classes\\debugUnitTest;C:\\Users\\tmans\\AndroidStudioProjects\\Tuner\\app\\build\\intermediates\\runtime_app_classes_jar\\debug\\classes.jar;C:\\Users\\tmans\\.gradle\\caches\\transforms-3\\db8ef21aa0e599735b1f4f25d98beff6\\transformed\\TarsosDSPKit-release-runtime.jar;C:\\Users\\tmans\\.gradle\\caches\\modules-2\\files-2.1\\junit\\junit\\4.13.2\\8ac9e16d933b6fb43bc7f576336b8f4d7eb5ba12\\junit-4.13.2.jar;C:\\Users\\tmans\\.gradle\\caches\\transforms-3\\1bbf803608828721647673b0ba61ff77\\transformed\\material3-1.0.0-runtime.jar;C:\\Users\\tmans\\.gradle\\caches\\transforms-3\\aabaa49a6bf5fdbfe56e448d9527ac92\\transformed\\ui-tooling-1.3.0-runtime.jar;C:\\Users\\tmans\\.gradle\\caches\\transforms-3\\c8246e05528fd5e272b59542ac4415cd\\transformed\\ui-test-manifest-1.3.0-runtime.jar;C:\\Users\\tmans\\.gradle\\caches\\transforms-3\\51ab1b956bbc3cb25716f226fff59845\\transformed\\activity-1.7.1-runtime.jar;C:\\Users\\tmans\\.gradle\\caches\\transforms-3\\376f1ea0a2f37c18c35448bd1d772da9\\transformed\\activity-ktx-1.7.1-runtime.jar;C:\\Users\\tmans\\.gradle\\caches\\transforms-3\\483aa06e55677daf44a14d5ae8a92f8f\\transformed\\activity-compose-1.7.1-runtime.jar;C:\\Users\\tmans\\.gradle\\caches\\transforms-3\\fe356a7f81e18546151748423a0818b7\\transformed\\material-1.3.0-runtime.jar;C:\\Users\\tmans\\.gradle\\caches\\transforms-3\\18312abf289f72a763ff03a6a523968d\\transformed\\material-ripple-1.3.0-runtime.jar;C:\\Users\\tmans\\.gradle\\caches\\transforms-3\\952599bf348301909c0479d43dc06e43\\transformed\\foundation-1.3.0-runtime.jar;C:\\Users\\tmans\\.gradle\\caches\\transforms-3\\0ad44676ec390d831d14cfd0640bee90\\transformed\\animation-1.3.0-runtime.jar;C:\\Users\\tmans\\.gradle\\caches\\transforms-3\\9eed8bbd6c78815ddfeed9b975c6654d\\transformed\\foundation-layout-1.3.0-runtime.jar;C:\\Users\\tmans\\.gradle
Launcher Type: SUN_STANDARD

[Global flags]
     intx CICompilerCount                          = 4                                         {product} {ergonomic}
     uint ConcGCThreads                            = 2                                         {product} {ergonomic}
     uint G1ConcRefinementThreads                  = 8                                         {product} {ergonomic}
   size_t G1HeapRegionSize                         = 1048576                                   {product} {ergonomic}
    uintx GCDrainStackTargetSize                   = 64                                        {product} {ergonomic}
   size_t InitialHeapSize                          = 125829120                                 {product} {ergonomic}
   size_t MarkStackSize                            = 4194304                                   {product} {ergonomic}
   size_t MaxHeapSize                              = 536870912                                 {product} {command line}
   size_t MinHeapDeltaBytes                        = 1048576                                   {product} {ergonomic}
   size_t MinHeapSize                              = 8388608                                   {product} {ergonomic}
    uintx NonNMethodCodeHeapSize                   = 5839372                                {pd product} {ergonomic}
    uintx NonProfiledCodeHeapSize                  = 122909434                              {pd product} {ergonomic}
    uintx ProfiledCodeHeapSize                     = 122909434                              {pd product} {ergonomic}
    uintx ReservedCodeCacheSize                    = 251658240                              {pd product} {ergonomic}
     bool SegmentedCodeCache                       = true                                      {product} {ergonomic}
   size_t SoftMaxHeapSize                          = 536870912                              {manageable} {ergonomic}
     bool UseCompressedClassPointers               = true                           {product lp64_product} {ergonomic}
     bool UseCompressedOops                        = true                           {product lp64_product} {ergonomic}
     bool UseG1GC                                  = true                                      {product} {ergonomic}
     bool UseLargePagesIndividualAllocation        = false                                  {pd product} {ergonomic}

Logging:
Log output configuration:
 #0: stdout all=warning uptime,level,tags
 #1: stderr all=off uptime,level,tags

Environment Variables:
PATH=C:\Program Files (x86)\Common Files\Oracle\Java\javapath;C:\Program Files (x86)\Common Files\Intel\Shared Libraries\redist\intel64\compiler;C:\windows\system32;C:\windows;C:\windows\System32\Wbem;C:\windows\System32\WindowsPowerShell\v1.0\;C:\windows\System32\OpenSSH\;C:\Program Files\dotnet\;C:\Program Files\Git\cmd;C:\Users\tmans\AppData\Local\Programs\Python\Python311\Scripts\;C:\Users\tmans\AppData\Local\Programs\Python\Python311\;C:\Users\tmans\AppData\Local\Microsoft\WindowsApps;C:\Users\tmans\AppData\Local\Programs\Microsoft VS Code\bin;C:\Users\tmans\AppData\Local\GitHubDesktop\bin;C:\Program Files\JetBrains\IntelliJ IDEA Community Edition 2021.3.3\bin;
USERNAME=tmans
OS=Windows_NT
PROCESSOR_IDENTIFIER=AMD64 Family 23 Model 96 Stepping 1, AuthenticAMD
TMP=C:\Users\tmans\AppData\Local\Temp
TEMP=C:\Users\tmans\AppData\Local\Temp



---------------  S Y S T E M  ---------------

OS:
 Windows 10 , 64 bit Build 19041 (10.0.19041.2913)
OS uptime: 1 days 5:06 hours

CPU: total 8 (initial active 8) (8 cores per cpu, 1 threads per core) family 23 model 96 stepping 1 microcode 0x0, cx8, cmov, fxsr, mmx, 3dnowpref, sse, sse2, sse3, ssse3, sse4a, sse4.1, sse4.2, popcnt, lzcnt, tsc, tscinvbit, avx, avx2, aes, clmul, bmi1, bmi2, adx, sha, fma, vzeroupper, clflush, clflushopt

Memory: 4k page, system-wide physical 7564M (398M free)
TotalPageFile size 31116M (AvailPageFile size 55M)
current process WorkingSet (physical memory assigned to process): 11M, peak: 11M
current process commit charge ("private bytes"): 60M, peak: 180M

vm_info: OpenJDK 64-Bit Server VM (17.0.6+0-b2043.56-9586694) for windows-amd64 JRE (17.0.6+0-b2043.56-9586694), built on Feb  9 2023 20:06:20 by "androidbuild" with MS VC++ 16.10 / 16.11 (VS2019)

END.
